G10-TS3: START
0x2007c400: 0x400
0x2007c800: 0x800
0x2007d000: 0x1000
0x2007e000: 0x2000
0x20080000: 0x4000
5 free memory block(s) found
0x2007c400: 0x400
0x2007d000: 0x1000
0x2007e000: 0x2000
0x20080000: 0x4000
4 free memory block(s) found
0x2007c400: 0x400
0x2007d000: 0x1000
0x20080000: 0x4000
3 free memory block(s) found
G10-TS3: TEST CASE 1 - PASS
0x2007c400: 0x400
0x2007d000: 0x1000
2 free memory block(s) found
0x2007c400: 0x400
1 free memory block(s) found
0 free memory block(s) found
G10-TS3: TEST CASE 2 - PASS
0x2007c000: 0x400
1 free memory block(s) found
0x2007c000: 0x800
1 free memory block(s) found
0x2007c000: 0x1000
1 free memory block(s) found
0x2007c000: 0x2000
1 free memory block(s) found
0x2007c000: 0x4000
1 free memory block(s) found
0x2007c000: 0x8000
1 free memory block(s) found
0 free memory block(s) found
0x2007c000: 0x8000
1 free memory block(s) found
G10-TS3: TEST CASE 3 - PASS
0x2007c000: 0x8000
1 free memory block(s) found
0 free memory block(s) found
0x2007c000: 0x8000
1 free memory block(s) found
0 free memory block(s) found
0x2007c000: 0x8000
1 free memory block(s) found
0 free memory block(s) found
G10-TS3: TEST CASE 4 - PASS
0 free memory block(s) found
G10-TS3: TEST CASE 5 - PASS
0 free memory block(s) found
G10-TS3: TEST CASE 6 - PASS
0x20082000: 0x2000
0x2007c000: 0x4000
2 free memory block(s) found
G10-TS3: TEST CASE 7 - PASS
G10-TS3: 7/7 tests PASSED
G10-TS3: 0/7 tests FAILED
G10-TS3: END
