G10-TS1: START
0x2007e000: 0x2000
0x20080000: 0x4000
2 free memory block(s) found
G10-TS1: TEST CASE 1 - PASS
0x20082000: 0x2000
1 free memory block(s) found
G10-TS1: TEST CASE 2 - PASS
0 free memory block(s) found
G10-TS1: TEST CASE 3 - PASS
0x2007c000: 0x4000
1 free memory block(s) found
G10-TS1: TEST CASE 4 - PASS
G10-TS1: TEST CASE 5 - PASS
0 free memory block(s) found
G10-TS1: TEST CASE 6 - PASS
0x20081000: 0x1000
1 free memory block(s) found
G10-TS1: TEST CASE 7 - PASS
0 free memory block(s) found
G10-TS1: TEST CASE 8 - PASS
0x2007c000: 0x4000
1 free memory block(s) found
G10-TS1: TEST CASE 9 - PASS
0x2007c000: 0x8000
1 free memory block(s) found
G10-TS1: TEST CASE 10 - PASS
G10-TS1: 10/10 tests PASSED
G10-TS1: 0/10 tests FAILED
G10-TS1: END
