k_mem_init: algo = 5
k_mpool_init: algo = 5
k_mpool_init: RAM range: [0x10007000, 0x10007fff].
k_mpool_init: algo = 5
k_mpool_init: RAM range: [0x2007c000, 0x20083fff].
G10-TS3: START
k_mpool_alloc: mpid = 1, size = 768, 0x300
k_mpool_alloc: mpid = 1, size = 512, 0x200
k_mbx_create: size = 128
k_mpool_alloc: mpid = 1, size = 128, 0x80
k_mpool_alloc: mpid = 1, size = 512, 0x200
k_mpool_alloc: mpid = 1, size = 512, 0x200
k_mbx_create: size = 512
k_mpool_alloc: mpid = 1, size = 512, 0x200
k_recv_msg: buf=0x2007c2ac, len=64
k_mbx_create: size = 128
k_mpool_alloc: mpid = 1, size = 128, 0x80
k_recv_msg: buf=0x2007c580, len=128
k_tsk_create: entering...
task = 0x10003d89, task_entry = 0x28e5, prio=128, stack_size = 512
k_mpool_alloc: mpid = 1, size = 512, 0x200
G10-TS3-LOG: Test[0]-[0]: task0: creating a HIGH prio task that runs task1 function.
G10-TS3-LOG: Test[0]-[0]: result = 1.
k_tsk_set_prio: entering...
task_id = 1, prio = 131.
k_tsk_create: entering...
task = 0x10003d8a, task_entry = 0x2cf1, prio=129, stack_size = 512
k_mpool_alloc: mpid = 1, size = 512, 0x200
G10-TS3-LOG: Test[0]-[1]: task1: creating a MEDIUM prio task that runs task2 function.
G10-TS3-LOG: Test[0]-[1]: result = 1.
k_mbx_create: size = 80
k_mpool_alloc: mpid = 1, size = 80, 0x50
G10-TS3-LOG: Test[0]-[2]: task1: creating a mailbox.
G10-TS3-LOG: Test[0]-[2]: result = 1.
k_recv_msg: buf=0x10003c88, len=80
k_tsk_create: entering...
task = 0x10003d8b, task_entry = 0x3035, prio=130, stack_size = 512
k_mpool_alloc: mpid = 1, size = 512, 0x200
G10-TS3-LOG: Test[0]-[3]: task2: creating a MEDIUM prio task that runs task3 function.
G10-TS3-LOG: Test[0]-[3]: result = 1.
k_send_msg_nb: receiver_tid = 2, buf=0x10003cd8
G10-TS3-LOG: Test[0]-[4]: task1:  receive from the mailbox.
G10-TS3-LOG: Test[0]-[4]: result = 1.
G10-TS3-LOG: Test[0]-[5]: task1:  message from mailbox is the expected value.
G10-TS3-LOG: Test[0]-[5]: result = 1.
k_recv_msg: buf=0x10003c88, len=80
G10-TS3-LOG: Test[0]-[6]: task2: sending a message to task 1.
G10-TS3-LOG: Test[0]-[6]: result = 1.
k_mbx_create: size = 80
k_mpool_alloc: mpid = 1, size = 80, 0x50
G10-TS3-LOG: Test[0]-[7]: task2: creating a mailbox.
G10-TS3-LOG: Test[0]-[7]: result = 1.
k_recv_msg: buf=0x10003cd8, len=80
k_mbx_create: size = 80
k_mpool_alloc: mpid = 1, size = 80, 0x50
G10-TS3-LOG: Test[0]-[8]: task3: creating a mailbox.
G10-TS3-LOG: Test[0]-[8]: result = 1.
k_send_msg: receiver_tid = 3, buf=0x10003d28
G10-TS3-LOG: Test[0]-[9]: task2:  message from mailbox is the expected value.
G10-TS3-LOG: Test[0]-[9]: result = 1.
k_send_msg_nb: receiver_tid = 2, buf=0x10003cd8
G10-TS3-LOG: Test[0]-[10]: task1:  message from mailbox is the expected value.
G10-TS3-LOG: Test[0]-[10]: result = 1.
k_send_msg: receiver_tid = 4, buf=0x10003c88
G10-TS3-LOG: Test[0]-[11]: task1: sending a message to task 3.
G10-TS3-LOG: Test[0]-[11]: result = 1.
k_tsk_set_prio: entering...
task_id = 2, prio = 130.
G10-TS3-LOG: Test[0]-[12]: task2: sending a message to task 1.
G10-TS3-LOG: Test[0]-[12]: result = 1.
k_send_msg: receiver_tid = 4, buf=0x10003cd8
G10-TS3-LOG: Test[0]-[13]: task1: setting own priority to low.
G10-TS3-LOG: Test[0]-[13]: result = 1.
k_send_msg: receiver_tid = 4, buf=0x10003c88
G10-TS3-LOG: Test[0]-[14]: task3: sending a message to task 2.
G10-TS3-LOG: Test[0]-[14]: result = 1.
k_recv_msg: buf=0x10003d28, len=80
G10-TS3-LOG: Test[0]-[15]: task2: sending a message to task 3.
G10-TS3-LOG: Test[0]-[15]: result = 1.
k_tsk_set_prio: entering...
task_id = 3, prio = 131.
G10-TS3-LOG: Test[0]-[16]: task3:  message from mailbox is the expected value.
G10-TS3-LOG: Test[0]-[16]: result = 1.
k_recv_msg: buf=0x10003d28, len=80
G10-TS3-LOG: Test[0]-[17]: task3:  receive from the mailbox.
G10-TS3-LOG: Test[0]-[17]: result = 1.
G10-TS3-LOG: Test[0]-[18]: task3:  message from mailbox is the expected value.
G10-TS3-LOG: Test[0]-[18]: result = 1.
k_recv_msg: buf=0x10003d28, len=80
G10-TS3-LOG: Test[0]-[19]: task3:  message from mailbox is the expected value.
G10-TS3-LOG: Test[0]-[19]: result = 1.
k_tsk_exit: entering...
k_mpool_dealloc: mpid = 1, ptr = 0x2007d200
k_mpool_dealloc: mpid = 1, ptr = 0x2007d400
G10-TS3-LOG: Test[0]-[20]: task1: sending a message to task 3.
G10-TS3-LOG: Test[0]-[20]: result = 1.
k_send_msg: receiver_tid = 3, buf=0x10003c88
G10-TS3-LOG: Test[0]-[21]: task1: sending a message to task 2.
G10-TS3-LOG: Test[0]-[21]: result = 1.
k_send_msg: receiver_tid = 3, buf=0x10003c88
G10-TS3-LOG: Test[0]-[22]: task2: setting own priority to lowest.
G10-TS3-LOG: Test[0]-[22]: result = 1.
k_recv_msg_nb: buf=0x10003cd8, len=80
G10-TS3-LOG: Test[0]-[23]: task1: sending a message to task 2.
G10-TS3-LOG: Test[0]-[23]: result = 1.
k_send_msg_nb: receiver_tid = 3, buf=0x10003c88
G10-TS3-LOG: Test[0]-[24]: task1: sending a message to task 2.
G10-TS3-LOG: Test[0]-[24]: result = 1.
k_send_msg_nb: receiver_tid = 3, buf=0x10003c88
G10-TS3-LOG: Test[0]-[25]: task1: sending a message to task 2 failing.
G10-TS3-LOG: Test[0]-[25]: result = 1.
k_tsk_exit: entering...
k_mpool_dealloc: mpid = 1, ptr = 0x2007ce00
k_mpool_dealloc: mpid = 1, ptr = 0x2007c700
G10-TS3-LOG: Test[0]-[26]: task2:  receive from the mailbox.
G10-TS3-LOG: Test[0]-[26]: result = 1.
G10-TS3-LOG: Test[0]-[27]: task2:  message from mailbox is the expected value.
G10-TS3-LOG: Test[0]-[27]: result = 1.
k_recv_msg_nb: buf=0x10003cd8, len=80
G10-TS3-LOG: Test[0]-[28]: task2:  receive from the mailbox.
G10-TS3-LOG: Test[0]-[28]: result = 1.
k_recv_msg_nb: buf=0x10003cd8, len=80
G10-TS3-LOG: Test[0]-[29]: task2:  receive from the mailbox.
G10-TS3-LOG: Test[0]-[29]: result = 1.
k_recv_msg_nb: buf=0x10003cd8, len=80
G10-TS3-LOG: Test[0]-[30]: task2:  receive from the mailbox.
G10-TS3-LOG: Test[0]-[30]: result = 1.
k_tsk_exit: entering...
k_mpool_dealloc: mpid = 1, ptr = 0x2007d000
k_mpool_dealloc: mpid = 1, ptr = 0x2007c780
G10-TS3-LOG: Test[0]-[31]: task 0: set the priority to lowest.
G10-TS3-LOG: Test[0]-[31]: result = 1.
G10-TS3-LOG: real exec order: 1 -> 2 -> 3 -> 2 -> 3 -> 4 -> 3 -> 2 -> 3 -> 2 -> 4 -> 3 -> 4 -> 2 -> 3 -> 2 -> 3 -> NIL
G10-TS3-LOG: expt exec order: 1 -> 2 -> 3 -> 2 -> 3 -> 4 -> 3 -> 2 -> 3 -> 2 -> 4 -> 3 -> 4 -> 2 -> 3 -> 2 -> 3 -> NIL
G10-TS3-LOG: Test[1]-[0]: Checking execution order.
G10-TS3-LOG: Test[1]-[0]: result = 1.
G10-TS3-LOG: Test[1]-[1]: Checking execution order.
G10-TS3-LOG: Test[1]-[1]: result = 1.
G10-TS3-LOG: Test[1]-[2]: Checking execution order.
G10-TS3-LOG: Test[1]-[2]: result = 1.
G10-TS3-LOG: Test[1]-[3]: Checking execution order.
G10-TS3-LOG: Test[1]-[3]: result = 1.
G10-TS3-LOG: Test[1]-[4]: Checking execution order.
G10-TS3-LOG: Test[1]-[4]: result = 1.
G10-TS3-LOG: Test[1]-[5]: Checking execution order.
G10-TS3-LOG: Test[1]-[5]: result = 1.
G10-TS3-LOG: Test[1]-[6]: Checking execution order.
G10-TS3-LOG: Test[1]-[6]: result = 1.
G10-TS3-LOG: Test[1]-[7]: Checking execution order.
G10-TS3-LOG: Test[1]-[7]: result = 1.
G10-TS3-LOG: Test[1]-[8]: Checking execution order.
G10-TS3-LOG: Test[1]-[8]: result = 1.
G10-TS3-LOG: Test[1]-[9]: Checking execution order.
G10-TS3-LOG: Test[1]-[9]: result = 1.
G10-TS3-LOG: Test[1]-[10]: Checking execution order.
G10-TS3-LOG: Test[1]-[10]: result = 1.
G10-TS3-LOG: Test[1]-[11]: Checking execution order.
G10-TS3-LOG: Test[1]-[11]: result = 1.
G10-TS3-LOG: Test[1]-[12]: Checking execution order.
G10-TS3-LOG: Test[1]-[12]: result = 1.
G10-TS3-LOG: Test[1]-[13]: Checking execution order.
G10-TS3-LOG: Test[1]-[13]: result = 1.
G10-TS3-LOG: Test[1]-[14]: Checking execution order.
G10-TS3-LOG: Test[1]-[14]: result = 1.
G10-TS3-LOG: Test[1]-[15]: Checking execution order.
G10-TS3-LOG: Test[1]-[15]: result = 1.
G10-TS3-LOG: Test[1]-[16]: Checking execution order.
G10-TS3-LOG: Test[1]-[16]: result = 1.
G10-TS3-LOG: Test[1]-[17]: Checking number of executions.
G10-TS3-LOG: Test[1]-[17]: result = 1.
k_tsk_create: entering...
task = 0x10003d89, task_entry = 0x28e5, prio=128, stack_size = 512
k_mpool_alloc: mpid = 1, size = 512, 0x200
k_tsk_create: entering...
task = 0x10003d8a, task_entry = 0x2cf1, prio=129, stack_size = 512
k_mpool_alloc: mpid = 1, size = 512, 0x200
G10-TS3-LOG: Test[2]-[0]: task1: creating a MEDIUM prio task that runs task2 function.
G10-TS3-LOG: Test[2]-[0]: result = 1.
k_mbx_create: size = 80
k_mpool_alloc: mpid = 1, size = 80, 0x50
G10-TS3-LOG: Test[2]-[1]: task1: creating a mailbox.
G10-TS3-LOG: Test[2]-[1]: result = 1.
k_recv_msg: buf=0x10003c88, len=80
k_tsk_create: entering...
task = 0x10003d8b, task_entry = 0x3035, prio=130, stack_size = 512
k_mpool_alloc: mpid = 1, size = 512, 0x200
G10-TS3-LOG: Test[2]-[2]: task2: creating a MEDIUM prio task that runs task3 function.
G10-TS3-LOG: Test[2]-[2]: result = 1.
k_send_msg_nb: receiver_tid = 4, buf=0x10003cd8
G10-TS3-LOG: Test[2]-[3]: task1:  receive from the mailbox.
G10-TS3-LOG: Test[2]-[3]: result = 1.
G10-TS3-LOG: Test[2]-[4]: task1:  message from mailbox is the expected value.
G10-TS3-LOG: Test[2]-[4]: result = 1.
k_recv_msg: buf=0x10003c88, len=80
G10-TS3-LOG: Test[2]-[5]: task2: sending a message to task 1.
G10-TS3-LOG: Test[2]-[5]: result = 1.
k_mbx_create: size = 80
k_mpool_alloc: mpid = 1, size = 80, 0x50
G10-TS3-LOG: Test[2]-[6]: task2: creating a mailbox.
G10-TS3-LOG: Test[2]-[6]: result = 1.
k_recv_msg: buf=0x10003cd8, len=80
k_mbx_create: size = 80
k_mpool_alloc: mpid = 1, size = 80, 0x50
G10-TS3-LOG: Test[2]-[7]: task3: creating a mailbox.
G10-TS3-LOG: Test[2]-[7]: result = 1.
k_send_msg: receiver_tid = 2, buf=0x10003d28
G10-TS3-LOG: Test[2]-[8]: task2:  message from mailbox is the expected value.
G10-TS3-LOG: Test[2]-[8]: result = 1.
k_send_msg_nb: receiver_tid = 4, buf=0x10003cd8
G10-TS3-LOG: Test[2]-[9]: task1:  message from mailbox is the expected value.
G10-TS3-LOG: Test[2]-[9]: result = 1.
k_send_msg: receiver_tid = 3, buf=0x10003c88
G10-TS3-LOG: Test[2]-[10]: task1: sending a message to task 3.
G10-TS3-LOG: Test[2]-[10]: result = 1.
k_tsk_set_prio: entering...
task_id = 4, prio = 130.
G10-TS3-LOG: Test[2]-[11]: task2: sending a message to task 1.
G10-TS3-LOG: Test[2]-[11]: result = 1.
k_send_msg: receiver_tid = 3, buf=0x10003cd8
G10-TS3-LOG: Test[2]-[12]: task1: setting own priority to low.
G10-TS3-LOG: Test[2]-[12]: result = 1.
k_send_msg: receiver_tid = 3, buf=0x10003c88
G10-TS3-LOG: Test[2]-[13]: task3: sending a message to task 2.
G10-TS3-LOG: Test[2]-[13]: result = 1.
k_recv_msg: buf=0x10003d28, len=80
G10-TS3-LOG: Test[2]-[14]: task2: sending a message to task 3.
G10-TS3-LOG: Test[2]-[14]: result = 1.
k_tsk_set_prio: entering...
task_id = 2, prio = 131.
G10-TS3-LOG: Test[2]-[15]: task3:  message from mailbox is the expected value.
G10-TS3-LOG: Test[2]-[15]: result = 1.
k_recv_msg: buf=0x10003d28, len=80
G10-TS3-LOG: Test[2]-[16]: task3:  receive from the mailbox.
G10-TS3-LOG: Test[2]-[16]: result = 1.
G10-TS3-LOG: Test[2]-[17]: task3:  message from mailbox is the expected value.
G10-TS3-LOG: Test[2]-[17]: result = 1.
k_recv_msg: buf=0x10003d28, len=80
G10-TS3-LOG: Test[2]-[18]: task3:  message from mailbox is the expected value.
G10-TS3-LOG: Test[2]-[18]: result = 1.
k_tsk_exit: entering...
k_mpool_dealloc: mpid = 1, ptr = 0x2007d200
k_mpool_dealloc: mpid = 1, ptr = 0x2007d400
G10-TS3-LOG: Test[2]-[19]: task1: sending a message to task 3.
G10-TS3-LOG: Test[2]-[19]: result = 1.
k_send_msg: receiver_tid = 2, buf=0x10003c88
G10-TS3-LOG: Test[2]-[20]: task1: sending a message to task 2.
G10-TS3-LOG: Test[2]-[20]: result = 1.
k_send_msg: receiver_tid = 2, buf=0x10003c88
G10-TS3-LOG: Test[2]-[21]: task2: setting own priority to lowest.
G10-TS3-LOG: Test[2]-[21]: result = 1.
k_recv_msg_nb: buf=0x10003cd8, len=80
G10-TS3-LOG: Test[2]-[22]: task1: sending a message to task 2.
G10-TS3-LOG: Test[2]-[22]: result = 1.
k_send_msg_nb: receiver_tid = 2, buf=0x10003c88
G10-TS3-LOG: Test[2]-[23]: task1: sending a message to task 2.
G10-TS3-LOG: Test[2]-[23]: result = 1.
k_send_msg_nb: receiver_tid = 2, buf=0x10003c88
G10-TS3-LOG: Test[2]-[24]: task1: sending a message to task 2 failing.
G10-TS3-LOG: Test[2]-[24]: result = 1.
k_tsk_exit: entering...
k_mpool_dealloc: mpid = 1, ptr = 0x2007ce00
k_mpool_dealloc: mpid = 1, ptr = 0x2007c700
G10-TS3-LOG: Test[2]-[25]: task2:  receive from the mailbox.
G10-TS3-LOG: Test[2]-[25]: result = 1.
G10-TS3-LOG: Test[2]-[26]: task2:  message from mailbox is the expected value.
G10-TS3-LOG: Test[2]-[26]: result = 1.
k_recv_msg_nb: buf=0x10003cd8, len=80
G10-TS3-LOG: Test[2]-[27]: task2:  receive from the mailbox.
G10-TS3-LOG: Test[2]-[27]: result = 1.
k_recv_msg_nb: buf=0x10003cd8, len=80
G10-TS3-LOG: Test[2]-[28]: task2:  receive from the mailbox.
G10-TS3-LOG: Test[2]-[28]: result = 1.
k_recv_msg_nb: buf=0x10003cd8, len=80
G10-TS3-LOG: Test[2]-[29]: task2:  receive from the mailbox.
G10-TS3-LOG: Test[2]-[29]: result = 1.
k_tsk_exit: entering...
k_mpool_dealloc: mpid = 1, ptr = 0x2007d000
k_mpool_dealloc: mpid = 1, ptr = 0x2007c780
G10-TS3-LOG: Test[2]-[30]: task0: creating a HIGH prio task that runs task1 function.
G10-TS3-LOG: Test[2]-[30]: result = 1.
k_tsk_set_prio: entering...
task_id = 1, prio = 131.
G10-TS3-LOG: Test[2]-[31]: task 0: set the priority to lowest.
G10-TS3-LOG: Test[2]-[31]: result = 1.
G10-TS3-LOG: real exec order: 1 -> 4 -> 2 -> 4 -> 2 -> 3 -> 2 -> 4 -> 2 -> 4 -> 3 -> 2 -> 3 -> 4 -> 2 -> 4 -> 2 -> NIL
G10-TS3-LOG: expt exec order: 1 -> 4 -> 2 -> 4 -> 2 -> 3 -> 2 -> 4 -> 2 -> 4 -> 3 -> 2 -> 3 -> 4 -> 2 -> 4 -> 2 -> NIL
G10-TS3-LOG: Test[3]-[0]: Checking execution order.
G10-TS3-LOG: Test[3]-[0]: result = 1.
G10-TS3-LOG: Test[3]-[1]: Checking execution order.
G10-TS3-LOG: Test[3]-[1]: result = 1.
G10-TS3-LOG: Test[3]-[2]: Checking execution order.
G10-TS3-LOG: Test[3]-[2]: result = 1.
G10-TS3-LOG: Test[3]-[3]: Checking execution order.
G10-TS3-LOG: Test[3]-[3]: result = 1.
G10-TS3-LOG: Test[3]-[4]: Checking execution order.
G10-TS3-LOG: Test[3]-[4]: result = 1.
G10-TS3-LOG: Test[3]-[5]: Checking execution order.
G10-TS3-LOG: Test[3]-[5]: result = 1.
G10-TS3-LOG: Test[3]-[6]: Checking execution order.
G10-TS3-LOG: Test[3]-[6]: result = 1.
G10-TS3-LOG: Test[3]-[7]: Checking execution order.
G10-TS3-LOG: Test[3]-[7]: result = 1.
G10-TS3-LOG: Test[3]-[8]: Checking execution order.
G10-TS3-LOG: Test[3]-[8]: result = 1.
G10-TS3-LOG: Test[3]-[9]: Checking execution order.
G10-TS3-LOG: Test[3]-[9]: result = 1.
G10-TS3-LOG: Test[3]-[10]: Checking execution order.
G10-TS3-LOG: Test[3]-[10]: result = 1.
G10-TS3-LOG: Test[3]-[11]: Checking execution order.
G10-TS3-LOG: Test[3]-[11]: result = 1.
G10-TS3-LOG: Test[3]-[12]: Checking execution order.
G10-TS3-LOG: Test[3]-[12]: result = 1.
G10-TS3-LOG: Test[3]-[13]: Checking execution order.
G10-TS3-LOG: Test[3]-[13]: result = 1.
G10-TS3-LOG: Test[3]-[14]: Checking execution order.
G10-TS3-LOG: Test[3]-[14]: result = 1.
G10-TS3-LOG: Test[3]-[15]: Checking execution order.
G10-TS3-LOG: Test[3]-[15]: result = 1.
G10-TS3-LOG: Test[3]-[16]: Checking execution order.
G10-TS3-LOG: Test[3]-[16]: result = 1.
G10-TS3-LOG: Test[3]-[17]: Checking number of executions.
G10-TS3-LOG: Test[3]-[17]: result = 1.
G10-TS3: FINISHED
G10-TS3-LOG: Test 0: 32/32 PASSED. Expected = 0xFFFFFFFF, result = 0xFFFFFFFF
G10-TS3-LOG: Test 1: 18/18 PASSED. Expected = 0x3FFFF, result = 0x3FFFF
G10-TS3-LOG: Test 2: 32/32 PASSED. Expected = 0xFFFFFFFF, result = 0xFFFFFFFF
G10-TS3-LOG: Test 3: 18/18 PASSED. Expected = 0x3FFFF, result = 0x3FFFF
G10-TS3: 4/4 test function(s) COMPLETED.
G10-TS3: 100/100 tests PASSED.
G10-TS3: 0/100 tests FAILED.
G10-TS3: END

