k_mem_init: algo = 5
k_mpool_init: algo = 5
k_mpool_init: RAM range: [0x10007000, 0x10007fff].
k_mpool_init: algo = 5
k_mpool_init: RAM range: [0x2007c000, 0x20083fff].
G10-TS5: START
k_mpool_alloc: mpid = 1, size = 768, 0x300
k_mpool_alloc: mpid = 1, size = 512, 0x200
k_mbx_create: size = 128
k_mpool_alloc: mpid = 1, size = 128, 0x80
k_mpool_alloc: mpid = 1, size = 512, 0x200
k_mpool_alloc: mpid = 1, size = 512, 0x200
k_mpool_alloc: mpid = 1, size = 512, 0x200
k_mbx_create: size = 512
k_mpool_alloc: mpid = 1, size = 512, 0x200
k_recv_msg: buf=0x2007c2ac, len=64
k_mbx_create: size = 128
k_mpool_alloc: mpid = 1, size = 128, 0x80
k_recv_msg: buf=0x2007c580, len=128
G10-TS5-LOG2: TID = 1, priv_task1: starting test0
=> START: priv_task1() w/ tid=1
k_tsk_set_prio: entering...
task_id = 1, prio = 131.
k_mbx_create: size = 128
k_mpool_alloc: mpid = 1, size = 128, 0x80
k_tsk_create: entering...
task = 0x10000061, task_entry = 0x290d, prio=129, stack_size = 512
k_mpool_alloc: mpid = 1, size = 512, 0x200
=> START: task1() w/ tid=3
k_send_msg_nb: receiver_tid = 15, buf=0x10003b8c
k_send_msg: receiver_tid = 14, buf=0x2007c2ac
k_recv_msg: buf=0x2007c2ac, len=64
k_send_msg: receiver_tid = 254, buf=0x2007c580
Entering c_UART0_IRQHandler
k_recv_msg_nb: buf=0x10002d14, len=64
k_recv_msg: buf=0x2007c580, len=128
k_send_msg_nb: receiver_tid = 15, buf=0x10003c0c
k_send_msg: receiver_tid = 14, buf=0x2007c2ac
k_send_msg: receiver_tid = 14, buf=0x2007c1ec
k_recv_msg: buf=0x2007c2ac, len=64
k_send_msg: receiver_tid = 254, buf=0x2007c580
Entering c_UART0_IRQHandler
k_recv_msg_nb: buf=0x10002d14, len=64
k_recv_msg: buf=0x2007c580, len=128
k_send_msg: receiver_tid = 254, buf=0x2007c580
Entering c_UART0_IRQHandler
k_recv_msg_nb: buf=0x10002d14, len=64
k_recv_msg: buf=0x2007c580, len=128
k_mbx_get: tid=15
TEST CASE 1: PASS
G10-TS5-LOG: Test[0]-[0]: task being created.
G10-TS5-LOG: Test[0]-[0]: result = 1.
k_send_msg_nb: receiver_tid = 15, buf=0x10003d0c
k_send_msg: receiver_tid = 14, buf=0x2007c2ac
k_recv_msg: buf=0x2007c2ac, len=64
k_send_msg: receiver_tid = 254, buf=0x2007c580
Entering c_UART0_IRQHandler
k_recv_msg_nb: buf=0x10002d14, len=64
k_recv_msg: buf=0x2007c580, len=128
k_send_msg_nb: receiver_tid = 15, buf=0x10003d8c
k_send_msg: receiver_tid = 14, buf=0x2007c2ac
k_recv_msg: buf=0x2007c2ac, len=64
k_send_msg: receiver_tid = 254, buf=0x2007c580
Entering c_UART0_IRQHandler
k_recv_msg_nb: buf=0x10002d14, len=64
k_recv_msg: buf=0x2007c580, len=128
k_send_msg_nb: receiver_tid = 15, buf=0x10003e0c
k_send_msg: receiver_tid = 14, buf=0x2007c2ac
k_recv_msg: buf=0x2007c2ac, len=64
k_send_msg: receiver_tid = 254, buf=0x2007c580
Entering c_UART0_IRQHandler
k_recv_msg_nb: buf=0x10002d14, len=64
k_recv_msg: buf=0x2007c580, len=128
k_send_msg_nb: receiver_tid = 15, buf=0x10003e8c
k_send_msg: receiver_tid = 14, buf=0x2007c2ac
k_tsk_get: entering...
tid = 1, buffer = 0x2007c20c.
k_send_msg: receiver_tid = 14, buf=0x2007c1a0
k_tsk_get: entering...
tid = 2, buffer = 0x2007c20c.
k_send_msg: receiver_tid = 14, buf=0x2007c1a0
k_tsk_get: entering...
tid = 3, buffer = 0x2007c20c.
k_send_msg: receiver_tid = 14, buf=0x2007c1a0
k_tsk_get: entering...
tid = 4, buffer = 0x2007c20c.
k_tsk_get: entering...
tid = 5, buffer = 0x2007c20c.
k_tsk_get: entering...
tid = 6, buffer = 0x2007c20c.
k_tsk_get: entering...
tid = 7, buffer = 0x2007c20c.
k_tsk_get: entering...
tid = 8, buffer = 0x2007c20c.
k_tsk_get: entering...
tid = 9, buffer = 0x2007c20c.
k_tsk_get: entering...
tid = 10, buffer = 0x2007c20c.
k_tsk_get: entering...
tid = 11, buffer = 0x2007c20c.
k_tsk_get: entering...
tid = 12, buffer = 0x2007c20c.
k_tsk_get: entering...
tid = 13, buffer = 0x2007c20c.
k_tsk_get: entering...
tid = 14, buffer = 0x2007c20c.
k_send_msg: receiver_tid = 14, buf=0x2007c1a0
k_tsk_get: entering...
tid = 15, buffer = 0x2007c20c.
k_send_msg: receiver_tid = 14, buf=0x2007c1a0
k_send_msg: receiver_tid = 254, buf=0x2007c580
Entering c_UART0_IRQHandler
k_recv_msg_nb: buf=0x10002d14, len=64
k_recv_msg: buf=0x2007c580, len=128
k_send_msg: receiver_tid = 254, buf=0x2007c580
Entering c_UART0_IRQHandler
k_recv_msg_nb: buf=0x10002d14, len=64
k_recv_msg: buf=0x2007c2ac, len=64
k_recv_msg: buf=0x2007c580, len=128
k_send_msg: receiver_tid = 254, buf=0x2007c580
Entering c_UART0_IRQHandler
k_recv_msg_nb: buf=0x10002d14, len=64
k_recv_msg: buf=0x2007c580, len=128
k_send_msg: receiver_tid = 254, buf=0x2007c580
Entering c_UART0_IRQHandler
k_recv_msg_nb: buf=0x10002d14, len=64
k_recv_msg: buf=0x2007c580, len=128
k_send_msg: receiver_tid = 254, buf=0x2007c580
Entering c_UART0_IRQHandler
k_recv_msg_nb: buf=0x10002d14, len=64
k_recv_msg: buf=0x2007c580, len=128
k_send_msg: receiver_tid = 254, buf=0x2007c580
Entering c_UART0_IRQHandler
k_recv_msg_nb: buf=0x10002d14, len=64
k_recv_msg: buf=0x2007c580, len=128
k_send_msg_nb: receiver_tid = 15, buf=0x10003f0c
k_send_msg: receiver_tid = 14, buf=0x2007c2ac
k_recv_msg: buf=0x2007c2ac, len=64
k_send_msg: receiver_tid = 254, buf=0x2007c580
Entering c_UART0_IRQHandler
k_recv_msg_nb: buf=0x10002d14, len=64
k_recv_msg: buf=0x2007c580, len=128
k_send_msg_nb: receiver_tid = 15, buf=0x10003f8c
k_send_msg: receiver_tid = 14, buf=0x2007c2ac
k_recv_msg: buf=0x2007c2ac, len=64
k_send_msg: receiver_tid = 254, buf=0x2007c580
Entering c_UART0_IRQHandler
k_recv_msg_nb: buf=0x10002d14, len=64
k_recv_msg: buf=0x2007c580, len=128
k_send_msg_nb: receiver_tid = 15, buf=0x1000400c
k_send_msg: receiver_tid = 14, buf=0x2007c2ac
k_recv_msg: buf=0x2007c2ac, len=64
k_send_msg: receiver_tid = 254, buf=0x2007c580
Entering c_UART0_IRQHandler
k_recv_msg_nb: buf=0x10002d14, len=64
k_recv_msg: buf=0x2007c580, len=128
k_send_msg_nb: receiver_tid = 15, buf=0x1000408c
k_send_msg: receiver_tid = 14, buf=0x2007c2ac
k_tsk_get: entering...
tid = 1, buffer = 0x2007c20c.
k_mbx_get: tid=1
k_send_msg: receiver_tid = 14, buf=0x2007c1a0
k_tsk_get: entering...
tid = 2, buffer = 0x2007c20c.
k_mbx_get: tid=2
k_tsk_get: entering...
tid = 3, buffer = 0x2007c20c.
k_mbx_get: tid=3
k_tsk_get: entering...
tid = 4, buffer = 0x2007c20c.
k_tsk_get: entering...
tid = 5, buffer = 0x2007c20c.
k_tsk_get: entering...
tid = 6, buffer = 0x2007c20c.
k_tsk_get: entering...
tid = 7, buffer = 0x2007c20c.
k_tsk_get: entering...
tid = 8, buffer = 0x2007c20c.
k_tsk_get: entering...
tid = 9, buffer = 0x2007c20c.
k_tsk_get: entering...
tid = 10, buffer = 0x2007c20c.
k_tsk_get: entering...
tid = 11, buffer = 0x2007c20c.
k_tsk_get: entering...
tid = 12, buffer = 0x2007c20c.
k_tsk_get: entering...
tid = 13, buffer = 0x2007c20c.
k_tsk_get: entering...
tid = 14, buffer = 0x2007c20c.
k_mbx_get: tid=14
k_send_msg: receiver_tid = 14, buf=0x2007c1a0
k_tsk_get: entering...
tid = 15, buffer = 0x2007c20c.
k_mbx_get: tid=15
k_send_msg: receiver_tid = 14, buf=0x2007c1a0
k_send_msg: receiver_tid = 254, buf=0x2007c580
Entering c_UART0_IRQHandler
k_recv_msg_nb: buf=0x10002d14, len=64
k_recv_msg: buf=0x2007c580, len=128
k_send_msg: receiver_tid = 254, buf=0x2007c580
Entering c_UART0_IRQHandler
k_recv_msg_nb: buf=0x10002d14, len=64
k_recv_msg: buf=0x2007c2ac, len=64
k_recv_msg: buf=0x2007c580, len=128
k_send_msg: receiver_tid = 254, buf=0x2007c580
Entering c_UART0_IRQHandler
k_recv_msg_nb: buf=0x10002d14, len=64
k_recv_msg: buf=0x2007c580, len=128
k_send_msg: receiver_tid = 254, buf=0x2007c580
Entering c_UART0_IRQHandler
k_recv_msg_nb: buf=0x10002d14, len=64
k_recv_msg: buf=0x2007c580, len=128
k_mbx_get: tid=15
TEST CASE 2: PASS
G10-TS5-LOG: Test[0]-[1]: task being created.
G10-TS5-LOG: Test[0]-[1]: result = 1.
k_send_msg_nb: receiver_tid = 14, buf=0x1000410c
k_send_msg: receiver_tid = 254, buf=0x2007c580
Entering c_UART0_IRQHandler
k_recv_msg_nb: buf=0x10002d14, len=64
k_recv_msg: buf=0x2007c580, len=128
k_mbx_get: tid=14
TEST CASE 3: PASS
G10-TS5-LOG: Test[0]-[2]: task being created.
G10-TS5-LOG: Test[0]-[2]: result = 1.
k_tsk_exit: entering...
k_mpool_dealloc: mpid = 1, ptr = 0x2007d000
k_tsk_create: entering...
task = 0x10000062, task_entry = 0x2bd9, prio=128, stack_size = 512
k_mpool_alloc: mpid = 1, size = 512, 0x200
=> START: task2() w/ tid=3
k_send_msg_nb: receiver_tid = 14, buf=0x1000410c
k_mbx_get: tid=14
TEST CASE 4: PASS
G10-TS5-LOG: Test[0]-[3]: task being created.
G10-TS5-LOG: Test[0]-[3]: result = 1.
k_tsk_exit: entering...
k_mpool_dealloc: mpid = 1, ptr = 0x2007d000
k_recv_msg: buf=0x2007c580, len=128
G10-TS5: FINISHED
G10-TS5-LOG: Test 0: 4/4 PASSED. Expected = 0xF, result = 0xF
G10-TS5: 1/1 test function(s) COMPLETED.
G10-TS5: 4/4 tests PASSED.
G10-TS5: 0/4 tests FAILED.
G10-TS5: END

