G10-TS2: START
G10-TS2-LOG2: TID = 1, priv_task1: starting test0
AAAAA
G10-TS2-LOG2: TID = 1, priv_task1: Creating new task and switching priority
AAAAA
G10-TS2-LOG2: TID = 3, priv_task1: Creating new task and switching priority
AAAAA
G10-TS2-LOG2: TID = 4, priv_task1: Creating new task and switching priority
AAAAA
G10-TS2-LOG2: TID = 5, priv_task1: Creating new task and switching priority
AAAAA
G10-TS2-LOG2: TID = 6, priv_task1: Creating new task and switching priority
AAAAA
G10-TS2-LOG2: TID = 7, priv_task1: Creating new task and switching priority
AAAAA
G10-TS2-LOG2: TID = 8, priv_task1: Creating new task and switching priority
AAAAA
G10-TS2-LOG2: TID = 9, priv_task1: Creating new task and switching priority
AAAAA
G10-TS2-LOG2: TID = 10, priv_task1: Creating new task and switching priority
AAAAA
G10-TS2-LOG2: TID = 11, priv_task1: Creating new task and switching priority
AAAAA
G10-TS2-LOG2: TID = 12, priv_task1: Creating new task and switching priority
AAAAA
G10-TS2-LOG2: TID = 13, priv_task1: Creating new task and switching priority
AAAAA
G10-TS2-LOG2: TID = 14, priv_task1: Creating new task and switching priority
AAAAA
G10-TS2-LOG2: TID = 15, priv_task1: Creating new task and switching priority
BBBBB
G10-TS2-LOG: Test[0]-[0]: task being created.
G10-TS2-LOG: Test[0]-[0]: result = 1.
BBBBB
G10-TS2-LOG: Test[0]-[1]: task being created.
G10-TS2-LOG: Test[0]-[1]: result = 1.
BBBBB
G10-TS2-LOG: Test[0]-[2]: task being created.
G10-TS2-LOG: Test[0]-[2]: result = 1.
BBBBB
G10-TS2-LOG: Test[0]-[3]: task being created.
G10-TS2-LOG: Test[0]-[3]: result = 1.
BBBBB
G10-TS2-LOG: Test[0]-[4]: task being created.
G10-TS2-LOG: Test[0]-[4]: result = 1.
BBBBB
G10-TS2-LOG: Test[0]-[5]: task being created.
G10-TS2-LOG: Test[0]-[5]: result = 1.
BBBBB
G10-TS2-LOG: Test[0]-[6]: task being created.
G10-TS2-LOG: Test[0]-[6]: result = 1.
BBBBB
G10-TS2-LOG: Test[0]-[7]: task being created.
G10-TS2-LOG: Test[0]-[7]: result = 1.
BBBBB
G10-TS2-LOG: Test[0]-[8]: task being created.
G10-TS2-LOG: Test[0]-[8]: result = 1.
BBBBB
G10-TS2-LOG: Test[0]-[9]: task being created.
G10-TS2-LOG: Test[0]-[9]: result = 1.
BBBBB
G10-TS2-LOG: Test[0]-[10]: task being created.
G10-TS2-LOG: Test[0]-[10]: result = 1.
BBBBB
G10-TS2-LOG: Test[0]-[11]: task being created.
G10-TS2-LOG: Test[0]-[11]: result = 1.
BBBBB
G10-TS2-LOG: Test[0]-[12]: task being created.
G10-TS2-LOG: Test[0]-[12]: result = 1.
BBBBB
G10-TS2-LOG: Test[0]-[13]: task being created.
G10-TS2-LOG: Test[0]-[13]: result = 1.
G10-TS2-LOG: real exec order: 1 -> 3 -> 4 -> 5 -> 6 -> 7 -> 8 -> 9 -> 10 -> 11 -> 12 -> 13 -> 14 -> 15 -> 15 -> 14 -> 13 -> 12 -> 11 -> 10 -> 9 -> 8 -> 7 -> 6 -> 5 -> 4 -> 3 -> 1 -> NIL
G10-TS2-LOG: expt exec order: 1 -> 3 -> 4 -> 5 -> 6 -> 7 -> 8 -> 9 -> 10 -> 11 -> 12 -> 13 -> 14 -> 15 -> 15 -> 14 -> 13 -> 12 -> 11 -> 10 -> 9 -> 8 -> 7 -> 6 -> 5 -> 4 -> 3 -> 1 -> NIL
G10-TS2: FINISHED
G10-TS2-LOG: Test 0: 14/14 PASSED. Expected = 0x3FFF, result = 0x3FFF
G10-TS2: 1/1 test function(s) COMPLETED.
G10-TS2: 14/14 tests PASSED.
G10-TS2: 0/14 tests FAILED.
G10-TS2: END
