G10-TS1: START
Test trying to allocate a lot of tasks over and over again
NIL
creating a MEDIUM prio task that runs dummy task
G10-TS1-LOG: Test[0]-[0]: creating new task.
G10-TS1-LOG: Test[0]-[0]: result = 1.
G10-TS1-LOG: Test[0]-[1]: creating new task.
G10-TS1-LOG: Test[0]-[1]: result = 1.
G10-TS1-LOG: Test[0]-[2]: creating new task.
G10-TS1-LOG: Test[0]-[2]: result = 1.
G10-TS1-LOG: Test[0]-[3]: creating new task.
G10-TS1-LOG: Test[0]-[3]: result = 1.
G10-TS1-LOG: Test[0]-[4]: creating new task.
G10-TS1-LOG: Test[0]-[4]: result = 1.
G10-TS1-LOG: Test[0]-[5]: creating new task.
G10-TS1-LOG: Test[0]-[5]: result = 1.
G10-TS1-LOG: Test[0]-[6]: creating new task.
G10-TS1-LOG: Test[0]-[6]: result = 1.
G10-TS1-LOG: Test[0]-[7]: creating new task.
G10-TS1-LOG: Test[0]-[7]: result = 1.
G10-TS1-LOG: Test[0]-[8]: creating new task.
G10-TS1-LOG: Test[0]-[8]: result = 1.
G10-TS1-LOG: Test[0]-[9]: creating new task.
G10-TS1-LOG: Test[0]-[9]: result = 1.
G10-TS1-LOG: Test[0]-[10]: creating new task.
G10-TS1-LOG: Test[0]-[10]: result = 1.
G10-TS1-LOG: Test[0]-[11]: creating new task.
G10-TS1-LOG: Test[0]-[11]: result = 1.
G10-TS1-LOG: Test[0]-[12]: creating new task.
G10-TS1-LOG: Test[0]-[12]: result = 1.
G10-TS1-LOG2: TID = 3, dummy: entering
G10-TS1-LOG2: TID = 3, dummy: exiting 
G10-TS1-LOG2: TID = 4, dummy: entering
G10-TS1-LOG2: TID = 4, dummy: exiting 
G10-TS1-LOG2: TID = 5, dummy: entering
G10-TS1-LOG2: TID = 5, dummy: exiting 
G10-TS1-LOG2: TID = 6, dummy: entering
G10-TS1-LOG2: TID = 6, dummy: exiting 
G10-TS1-LOG2: TID = 7, dummy: entering
G10-TS1-LOG2: TID = 7, dummy: exiting 
G10-TS1-LOG2: TID = 8, dummy: entering
G10-TS1-LOG2: TID = 8, dummy: exiting 
G10-TS1-LOG2: TID = 9, dummy: entering
G10-TS1-LOG2: TID = 9, dummy: exiting 
G10-TS1-LOG2: TID = 10, dummy: entering
G10-TS1-LOG2: TID = 10, dummy: exiting 
G10-TS1-LOG2: TID = 11, dummy: entering
G10-TS1-LOG2: TID = 11, dummy: exiting 
G10-TS1-LOG2: TID = 12, dummy: entering
G10-TS1-LOG2: TID = 12, dummy: exiting 
G10-TS1-LOG2: TID = 13, dummy: entering
G10-TS1-LOG2: TID = 13, dummy: exiting 
G10-TS1-LOG2: TID = 14, dummy: entering
G10-TS1-LOG2: TID = 14, dummy: exiting 
G10-TS1-LOG2: TID = 15, dummy: entering
G10-TS1-LOG2: TID = 15, dummy: exiting 
G10-TS1-LOG: real exec order: 1 -> 3 -> 4 -> 5 -> 6 -> 7 -> 8 -> 9 -> 10 -> 11 -> 12 -> 13 -> 14 -> 15 -> NIL
G10-TS1-LOG: expt exec order: 1 -> 3 -> 4 -> 5 -> 6 -> 7 -> 8 -> 9 -> 10 -> 11 -> 12 -> 13 -> 14 -> 15 -> NIL
G10-TS1-LOG: Test[1]-[0]: checking execution shortfalls.
G10-TS1-LOG: Test[1]-[0]: result = 1.
G10-TS1-LOG: Test[1]-[1]: checking execution sequence @ 0.
G10-TS1-LOG: Test[1]-[1]: result = 1.
G10-TS1-LOG: Test[1]-[2]: checking execution sequence @ 1.
G10-TS1-LOG: Test[1]-[2]: result = 1.
G10-TS1-LOG: Test[1]-[3]: checking execution sequence @ 2.
G10-TS1-LOG: Test[1]-[3]: result = 1.
G10-TS1-LOG: Test[1]-[4]: checking execution sequence @ 3.
G10-TS1-LOG: Test[1]-[4]: result = 1.
G10-TS1-LOG: Test[1]-[5]: checking execution sequence @ 4.
G10-TS1-LOG: Test[1]-[5]: result = 1.
G10-TS1-LOG: Test[1]-[6]: checking execution sequence @ 5.
G10-TS1-LOG: Test[1]-[6]: result = 1.
G10-TS1-LOG: Test[1]-[7]: checking execution sequence @ 6.
G10-TS1-LOG: Test[1]-[7]: result = 1.
G10-TS1-LOG: Test[1]-[8]: checking execution sequence @ 7.
G10-TS1-LOG: Test[1]-[8]: result = 1.
G10-TS1-LOG: Test[1]-[9]: checking execution sequence @ 8.
G10-TS1-LOG: Test[1]-[9]: result = 1.
G10-TS1-LOG: Test[1]-[10]: checking execution sequence @ 9.
G10-TS1-LOG: Test[1]-[10]: result = 1.
G10-TS1-LOG: Test[1]-[11]: checking execution sequence @ 10.
G10-TS1-LOG: Test[1]-[11]: result = 1.
G10-TS1-LOG: Test[1]-[12]: checking execution sequence @ 11.
G10-TS1-LOG: Test[1]-[12]: result = 1.
G10-TS1-LOG: Test[1]-[13]: checking execution sequence @ 12.
G10-TS1-LOG: Test[1]-[13]: result = 1.
G10-TS1-LOG: Test[1]-[14]: checking execution sequence @ 13.
G10-TS1-LOG: Test[1]-[14]: result = 1.
creating a MEDIUM prio task that runs dummy task
G10-TS1-LOG: Test[2]-[0]: creating new task.
G10-TS1-LOG: Test[2]-[0]: result = 1.
G10-TS1-LOG: Test[2]-[1]: creating new task.
G10-TS1-LOG: Test[2]-[1]: result = 1.
G10-TS1-LOG: Test[2]-[2]: creating new task.
G10-TS1-LOG: Test[2]-[2]: result = 1.
G10-TS1-LOG: Test[2]-[3]: creating new task.
G10-TS1-LOG: Test[2]-[3]: result = 1.
G10-TS1-LOG: Test[2]-[4]: creating new task.
G10-TS1-LOG: Test[2]-[4]: result = 1.
G10-TS1-LOG: Test[2]-[5]: creating new task.
G10-TS1-LOG: Test[2]-[5]: result = 1.
G10-TS1-LOG: Test[2]-[6]: creating new task.
G10-TS1-LOG: Test[2]-[6]: result = 1.
G10-TS1-LOG: Test[2]-[7]: creating new task.
G10-TS1-LOG: Test[2]-[7]: result = 1.
G10-TS1-LOG: Test[2]-[8]: creating new task.
G10-TS1-LOG: Test[2]-[8]: result = 1.
G10-TS1-LOG: Test[2]-[9]: creating new task.
G10-TS1-LOG: Test[2]-[9]: result = 1.
G10-TS1-LOG: Test[2]-[10]: creating new task.
G10-TS1-LOG: Test[2]-[10]: result = 1.
G10-TS1-LOG: Test[2]-[11]: creating new task.
G10-TS1-LOG: Test[2]-[11]: result = 1.
G10-TS1-LOG: Test[2]-[12]: creating new task.
G10-TS1-LOG: Test[2]-[12]: result = 1.
G10-TS1-LOG2: TID = 3, dummy: entering
G10-TS1-LOG2: TID = 3, dummy: exiting 
G10-TS1-LOG2: TID = 4, dummy: entering
G10-TS1-LOG2: TID = 4, dummy: exiting 
G10-TS1-LOG2: TID = 5, dummy: entering
G10-TS1-LOG2: TID = 5, dummy: exiting 
G10-TS1-LOG2: TID = 6, dummy: entering
G10-TS1-LOG2: TID = 6, dummy: exiting 
G10-TS1-LOG2: TID = 7, dummy: entering
G10-TS1-LOG2: TID = 7, dummy: exiting 
G10-TS1-LOG2: TID = 8, dummy: entering
G10-TS1-LOG2: TID = 8, dummy: exiting 
G10-TS1-LOG2: TID = 9, dummy: entering
G10-TS1-LOG2: TID = 9, dummy: exiting 
G10-TS1-LOG2: TID = 10, dummy: entering
G10-TS1-LOG2: TID = 10, dummy: exiting 
G10-TS1-LOG2: TID = 11, dummy: entering
G10-TS1-LOG2: TID = 11, dummy: exiting 
G10-TS1-LOG2: TID = 12, dummy: entering
G10-TS1-LOG2: TID = 12, dummy: exiting 
G10-TS1-LOG2: TID = 13, dummy: entering
G10-TS1-LOG2: TID = 13, dummy: exiting 
G10-TS1-LOG2: TID = 14, dummy: entering
G10-TS1-LOG2: TID = 14, dummy: exiting 
G10-TS1-LOG2: TID = 15, dummy: entering
G10-TS1-LOG2: TID = 15, dummy: exiting 
G10-TS1-LOG: real exec order: 1 -> 3 -> 4 -> 5 -> 6 -> 7 -> 8 -> 9 -> 10 -> 11 -> 12 -> 13 -> 14 -> 15 -> NIL
G10-TS1-LOG: expt exec order: 1 -> 3 -> 4 -> 5 -> 6 -> 7 -> 8 -> 9 -> 10 -> 11 -> 12 -> 13 -> 14 -> 15 -> NIL
G10-TS1-LOG: Test[3]-[0]: checking execution shortfalls.
G10-TS1-LOG: Test[3]-[0]: result = 1.
G10-TS1-LOG: Test[3]-[1]: checking execution sequence @ 0.
G10-TS1-LOG: Test[3]-[1]: result = 1.
G10-TS1-LOG: Test[3]-[2]: checking execution sequence @ 1.
G10-TS1-LOG: Test[3]-[2]: result = 1.
G10-TS1-LOG: Test[3]-[3]: checking execution sequence @ 2.
G10-TS1-LOG: Test[3]-[3]: result = 1.
G10-TS1-LOG: Test[3]-[4]: checking execution sequence @ 3.
G10-TS1-LOG: Test[3]-[4]: result = 1.
G10-TS1-LOG: Test[3]-[5]: checking execution sequence @ 4.
G10-TS1-LOG: Test[3]-[5]: result = 1.
G10-TS1-LOG: Test[3]-[6]: checking execution sequence @ 5.
G10-TS1-LOG: Test[3]-[6]: result = 1.
G10-TS1-LOG: Test[3]-[7]: checking execution sequence @ 6.
G10-TS1-LOG: Test[3]-[7]: result = 1.
G10-TS1-LOG: Test[3]-[8]: checking execution sequence @ 7.
G10-TS1-LOG: Test[3]-[8]: result = 1.
G10-TS1-LOG: Test[3]-[9]: checking execution sequence @ 8.
G10-TS1-LOG: Test[3]-[9]: result = 1.
G10-TS1-LOG: Test[3]-[10]: checking execution sequence @ 9.
G10-TS1-LOG: Test[3]-[10]: result = 1.
G10-TS1-LOG: Test[3]-[11]: checking execution sequence @ 10.
G10-TS1-LOG: Test[3]-[11]: result = 1.
G10-TS1-LOG: Test[3]-[12]: checking execution sequence @ 11.
G10-TS1-LOG: Test[3]-[12]: result = 1.
G10-TS1-LOG: Test[3]-[13]: checking execution sequence @ 12.
G10-TS1-LOG: Test[3]-[13]: result = 1.
G10-TS1-LOG: Test[3]-[14]: checking execution sequence @ 13.
G10-TS1-LOG: Test[3]-[14]: result = 1.
G10-TS1: FINISHED
G10-TS1-LOG: Test 0: 13/13 PASSED. Expected = 0x1FFF, result = 0x1FFF
G10-TS1-LOG: Test 1: 15/15 PASSED. Expected = 0x7FFF, result = 0x7FFF
G10-TS1-LOG: Test 2: 13/13 PASSED. Expected = 0x1FFF, result = 0x1FFF
G10-TS1-LOG: Test 3: 15/15 PASSED. Expected = 0x7FFF, result = 0x7FFF
G10-TS1: 4/4 test function(s) COMPLETED.
G10-TS1: 56/56 tests PASSED.
G10-TS1: 0/56 tests FAILED.
G10-TS1: END
