G10-TS1: START
G10-TS1-LOG2: TID = 1, priv_task1: starting test0
=> START: priv_task1() w/ tid=1
TEST CASE 1: PASS
G10-TS1-LOG: Test[0]-[0]: task being created.
G10-TS1-LOG: Test[0]-[0]: result = 1.
=> START: task1() w/ tid=2
TEST CASE 2: PASS
G10-TS1-LOG: Test[0]-[1]: task being created.
G10-TS1-LOG: Test[0]-[1]: result = 1.
=> START: task2() w/ tid=3
TEST CASE 3: PASS
G10-TS1-LOG: Test[0]-[2]: task being created.
G10-TS1-LOG: Test[0]-[2]: result = 1.
=> START: task3() w/ tid=4
TEST CASE 4: PASS
G10-TS1-LOG: Test[0]-[3]: task being created.
G10-TS1-LOG: Test[0]-[3]: result = 1.
TEST CASE 5: PASS
G10-TS1-LOG: Test[0]-[4]: task being created.
G10-TS1-LOG: Test[0]-[4]: result = 1.
1->2->3->1->1->2->1->3->1->2->1->
TEST CASE 6: PASS
G10-TS1-LOG: Test[0]-[5]: task being created.
G10-TS1-LOG: Test[0]-[5]: result = 1.
TEST CASE 7: PASS
G10-TS1-LOG: Test[0]-[6]: task being created.
G10-TS1-LOG: Test[0]-[6]: result = 1.
G10-TS1: FINISHED
G10-TS1-LOG: Test 0: 7/7 PASSED. Expected = 0x7F, result = 0x7F
G10-TS1: 1/1 test function(s) COMPLETED.
G10-TS1: 7/7 tests PASSED.
G10-TS1: 0/7 tests FAILED.
G10-TS1: END

